<?xml version="1.0" encoding="UTF-8"?>
<testsuite name="com.library.app.category.resource.CategoryResourceUTest" time="0.557" tests="11" errors="0" skipped="0" failures="0">
  <properties>
[...]
</properties>
  <testcase name="addValidCategory" classname="com.library.app.category.resource.CategoryResourceUTest" time="0.388"/>
  <testcase name="updateValidCategory" classname="com.library.app.category.resource.CategoryResourceUTest" time="0.025"/>
  <testcase name="updateCategoryWithNullName" classname="com.library.app.category.resource.CategoryResourceUTest" time="0.034"/>
  <testcase name="updateNotFoundCategory" classname="com.library.app.category.resource.CategoryResourceUTest" time="0.027"/>
  <testcase name="findAllNoCategory" classname="com.library.app.category.resource.CategoryResourceUTest" time="0.011"/>
  <testcase name="findCategoryNotFound" classname="com.library.app.category.resource.CategoryResourceUTest" time="0.009"/>
  <testcase name="findCategory" classname="com.library.app.category.resource.CategoryResourceUTest" time="0.029"/>
  <testcase name="addCategoryWithNullName" classname="com.library.app.category.resource.CategoryResourceUTest" time="0"/>
  <testcase name="findAllTwoCategories" classname="com.library.app.category.resource.CategoryResourceUTest" time="0.002"/>
  <testcase name="addExistentCategory" classname="com.library.app.category.resource.CategoryResourceUTest" time="0.019"/>
  <testcase name="updateExistentCategory" classname="com.library.app.category.resource.CategoryResourceUTest" time="0.013"/>
</testsuite>