<?xml version="1.0" encoding="UTF-8"?>
<testsuite name="com.library.app.category.service.CategoryServicesUTest" time="0.287" tests="15" errors="0" skipped="0" failures="0">
  <properties>
[...]
</properties>
  <testcase name="updateCategoryWithShortName" classname="com.library.app.category.service.CategoryServicesUTest" time="0.058"/>
  <testcase name="updateCategoryNotExist" classname="com.library.app.category.service.CategoryServicesUTest" time="0.062"/>
  <testcase name="updateCategoryWithExistent" classname="com.library.app.category.service.CategoryServicesUTest" time="0"/>
  <testcase name="addCategoryWithShortName" classname="com.library.app.category.service.CategoryServicesUTest" time="0.021"/>
  <testcase name="updateCategoryWithLongName" classname="com.library.app.category.service.CategoryServicesUTest" time="0.031"/>
  <testcase name="updateCategoryWithValidName" classname="com.library.app.category.service.CategoryServicesUTest" time="0"/>
  <testcase name="addValidCategory" classname="com.library.app.category.service.CategoryServicesUTest" time="0.006"/>
  <testcase name="updateCategoryWithNullName" classname="com.library.app.category.service.CategoryServicesUTest" time="0.035"/>
  <testcase name="findAllNoCatgeory" classname="com.library.app.category.service.CategoryServicesUTest" time="0"/>
  <testcase name="findAllCategories" classname="com.library.app.category.service.CategoryServicesUTest" time="0"/>
  <testcase name="findCategoryById" classname="com.library.app.category.service.CategoryServicesUTest" time="0.011"/>
  <testcase name="addCategoryWithLongName" classname="com.library.app.category.service.CategoryServicesUTest" time="0.026"/>
  <testcase name="addCategoryWithExistentName" classname="com.library.app.category.service.CategoryServicesUTest" time="0.018"/>
  <testcase name="addCategoryWithNullName" classname="com.library.app.category.service.CategoryServicesUTest" time="0.019"/>
  <testcase name="findCategoryByIdNotFound" classname="com.library.app.category.service.CategoryServicesUTest" time="0"/>
</testsuite>